# JRE version: Java(TM) SE Runtime Environment (8.0_311-b11) (build 1.8.0_311-b11)
# Java VM: Java HotSpot(TM) 64-Bit Server VM (25.311-b11 mixed mode windows-amd64 compressed oops)
Heap:
 PSYoungGen      total 1248768K, used 297280K [0x000000076dd00000, 0x00000007bf400000, 0x00000007c0000000)
  eden space 1163264K, 23% used [0x000000076dd00000,0x000000077ea951c8,0x00000007b4d00000)
  from space 85504K, 24% used [0x00000007b4d00000,0x00000007b61baec0,0x00000007ba080000)
  to   space 78848K, 0% used [0x00000007ba700000,0x00000007ba700000,0x00000007bf400000)
 ParOldGen       total 683520K, used 388595K [0x00000006c9600000, 0x00000006f3180000, 0x000000076dd00000)
  object space 683520K, 56% used [0x00000006c9600000,0x00000006e117cd80,0x00000006f3180000)
 Metaspace       used 60143K, capacity 60586K, committed 61184K, reserved 1101824K
  class space    used 9013K, capacity 9155K, committed 9216K, reserved 1048576K
GC Heap History (10 events):
Event: 44.396 GC heap before
{Heap before GC invocations=58 (full 9):
 PSYoungGen      total 1213952K, used 1119744K [0x000000076dd00000, 0x00000007be880000, 0x00000007c0000000)
  eden space 1119744K, 100% used [0x000000076dd00000,0x00000007b2280000,0x00000007b2280000)
  from space 94208K, 0% used [0x00000007b8c80000,0x00000007b8c80000,0x00000007be880000)
  to   space 101376K, 0% used [0x00000007b2280000,0x00000007b2280000,0x00000007b8580000)
 ParOldGen       total 683520K, used 388555K [0x00000006c9600000, 0x00000006f3180000, 0x000000076dd00000)
  object space 683520K, 56% used [0x00000006c9600000,0x00000006e1172d80,0x00000006f3180000)
 Metaspace       used 59138K, capacity 59530K, committed 60160K, reserved 1099776K
  class space    used 8990K, capacity 9123K, committed 9216K, reserved 1048576K
Event: 44.401 GC heap after
Heap after GC invocations=58 (full 9):
 PSYoungGen      total 1221120K, used 15515K [0x000000076dd00000, 0x00000007bff00000, 0x00000007c0000000)
  eden space 1119744K, 0% used [0x000000076dd00000,0x000000076dd00000,0x00000007b2280000)
  from space 101376K, 15% used [0x00000007b2280000,0x00000007b31a6df0,0x00000007b8580000)
  to   space 97792K, 0% used [0x00000007b9f80000,0x00000007b9f80000,0x00000007bff00000)
 ParOldGen       total 683520K, used 388563K [0x00000006c9600000, 0x00000006f3180000, 0x000000076dd00000)
  object space 683520K, 56% used [0x00000006c9600000,0x00000006e1174d80,0x00000006f3180000)
 Metaspace       used 59138K, capacity 59530K, committed 60160K, reserved 1099776K
  class space    used 8990K, capacity 9123K, committed 9216K, reserved 1048576K
}
Event: 45.540 GC heap before
{Heap before GC invocations=59 (full 9):
 PSYoungGen      total 1221120K, used 1135259K [0x000000076dd00000, 0x00000007bff00000, 0x00000007c0000000)
  eden space 1119744K, 100% used [0x000000076dd00000,0x00000007b2280000,0x00000007b2280000)
  from space 101376K, 15% used [0x00000007b2280000,0x00000007b31a6df0,0x00000007b8580000)
  to   space 97792K, 0% used [0x00000007b9f80000,0x00000007b9f80000,0x00000007bff00000)
 ParOldGen       total 683520K, used 388563K [0x00000006c9600000, 0x00000006f3180000, 0x000000076dd00000)
  object space 683520K, 56% used [0x00000006c9600000,0x00000006e1174d80,0x00000006f3180000)
 Metaspace       used 59513K, capacity 59850K, committed 60416K, reserved 1099776K
  class space    used 8999K, capacity 9123K, committed 9216K, reserved 1048576K
Event: 45.545 GC heap after
Heap after GC invocations=59 (full 9):
 PSYoungGen      total 1234432K, used 16964K [0x000000076dd00000, 0x00000007bf480000, 0x00000007c0000000)
  eden space 1147392K, 0% used [0x000000076dd00000,0x000000076dd00000,0x00000007b3d80000)
  from space 87040K, 19% used [0x00000007b9f80000,0x00000007bb011028,0x00000007bf480000)
  to   space 93696K, 0% used [0x00000007b3d80000,0x00000007b3d80000,0x00000007b9900000)
 ParOldGen       total 683520K, used 388571K [0x00000006c9600000, 0x00000006f3180000, 0x000000076dd00000)
  object space 683520K, 56% used [0x00000006c9600000,0x00000006e1176d80,0x00000006f3180000)
 Metaspace       used 59513K, capacity 59850K, committed 60416K, reserved 1099776K
  class space    used 8999K, capacity 9123K, committed 9216K, reserved 1048576K
}
Event: 46.601 GC heap before
{Heap before GC invocations=60 (full 9):
 PSYoungGen      total 1234432K, used 1164356K [0x000000076dd00000, 0x00000007bf480000, 0x00000007c0000000)
  eden space 1147392K, 100% used [0x000000076dd00000,0x00000007b3d80000,0x00000007b3d80000)
  from space 87040K, 19% used [0x00000007b9f80000,0x00000007bb011028,0x00000007bf480000)
  to   space 93696K, 0% used [0x00000007b3d80000,0x00000007b3d80000,0x00000007b9900000)
 ParOldGen       total 683520K, used 388571K [0x00000006c9600000, 0x00000006f3180000, 0x000000076dd00000)
  object space 683520K, 56% used [0x00000006c9600000,0x00000006e1176d80,0x00000006f3180000)
 Metaspace       used 59714K, capacity 60170K, committed 60672K, reserved 1101824K
  class space    used 9007K, capacity 9123K, committed 9216K, reserved 1048576K
Event: 46.606 GC heap after
Heap after GC invocations=60 (full 9):
 PSYoungGen      total 1241088K, used 17807K [0x000000076dd00000, 0x00000007bfe80000, 0x00000007c0000000)
  eden space 1147392K, 0% used [0x000000076dd00000,0x000000076dd00000,0x00000007b3d80000)
  from space 93696K, 19% used [0x00000007b3d80000,0x00000007b4ee3c90,0x00000007b9900000)
  to   space 89600K, 0% used [0x00000007ba700000,0x00000007ba700000,0x00000007bfe80000)
 ParOldGen       total 683520K, used 388579K [0x00000006c9600000, 0x00000006f3180000, 0x000000076dd00000)
  object space 683520K, 56% used [0x00000006c9600000,0x00000006e1178d80,0x00000006f3180000)
 Metaspace       used 59714K, capacity 60170K, committed 60672K, reserved 1101824K
  class space    used 9007K, capacity 9123K, committed 9216K, reserved 1048576K
}
Event: 47.668 GC heap before
{Heap before GC invocations=61 (full 9):
 PSYoungGen      total 1241088K, used 1165199K [0x000000076dd00000, 0x00000007bfe80000, 0x00000007c0000000)
  eden space 1147392K, 100% used [0x000000076dd00000,0x00000007b3d80000,0x00000007b3d80000)
  from space 93696K, 19% used [0x00000007b3d80000,0x00000007b4ee3c90,0x00000007b9900000)
  to   space 89600K, 0% used [0x00000007ba700000,0x00000007ba700000,0x00000007bfe80000)
 ParOldGen       total 683520K, used 388579K [0x00000006c9600000, 0x00000006f3180000, 0x000000076dd00000)
  object space 683520K, 56% used [0x00000006c9600000,0x00000006e1178d80,0x00000006f3180000)
 Metaspace       used 59848K, capacity 60298K, committed 60928K, reserved 1101824K
  class space    used 9007K, capacity 9123K, committed 9216K, reserved 1048576K
Event: 47.674 GC heap after
Heap after GC invocations=61 (full 9):
 PSYoungGen      total 1242112K, used 19167K [0x000000076dd00000, 0x00000007bf400000, 0x00000007c0000000)
  eden space 1163264K, 0% used [0x000000076dd00000,0x000000076dd00000,0x00000007b4d00000)
  from space 78848K, 24% used [0x00000007ba700000,0x00000007bb9b7f68,0x00000007bf400000)
  to   space 85504K, 0% used [0x00000007b4d00000,0x00000007b4d00000,0x00000007ba080000)
 ParOldGen       total 683520K, used 388587K [0x00000006c9600000, 0x00000006f3180000, 0x000000076dd00000)
  object space 683520K, 56% used [0x00000006c9600000,0x00000006e117ad80,0x00000006f3180000)
 Metaspace       used 59848K, capacity 60298K, committed 60928K, reserved 1101824K
  class space    used 9007K, capacity 9123K, committed 9216K, reserved 1048576K
}
Event: 48.656 GC heap before
{Heap before GC invocations=62 (full 9):
 PSYoungGen      total 1242112K, used 1182431K [0x000000076dd00000, 0x00000007bf400000, 0x00000007c0000000)
  eden space 1163264K, 100% used [0x000000076dd00000,0x00000007b4d00000,0x00000007b4d00000)
  from space 78848K, 24% used [0x00000007ba700000,0x00000007bb9b7f68,0x00000007bf400000)
  to   space 85504K, 0% used [0x00000007b4d00000,0x00000007b4d00000,0x00000007ba080000)
 ParOldGen       total 683520K, used 388587K [0x00000006c9600000, 0x00000006f3180000, 0x000000076dd00000)
  object space 683520K, 56% used [0x00000006c9600000,0x00000006e117ad80,0x00000006f3180000)
 Metaspace       used 60131K, capacity 60586K, committed 61184K, reserved 1101824K
  class space    used 9013K, capacity 9155K, committed 9216K, reserved 1048576K
Event: 48.662 GC heap after
Heap after GC invocations=62 (full 9):
 PSYoungGen      total 1248768K, used 21227K [0x000000076dd00000, 0x00000007bf400000, 0x00000007c0000000)
  eden space 1163264K, 0% used [0x000000076dd00000,0x000000076dd00000,0x00000007b4d00000)
  from space 85504K, 24% used [0x00000007b4d00000,0x00000007b61baec0,0x00000007ba080000)
  to   space 78848K, 0% used [0x00000007ba700000,0x00000007ba700000,0x00000007bf400000)
 ParOldGen       total 683520K, used 388595K [0x00000006c9600000, 0x00000006f3180000, 0x000000076dd00000)
  object space 683520K, 56% used [0x00000006c9600000,0x00000006e117cd80,0x00000006f3180000)
 Metaspace       used 60131K, capacity 60586K, committed 61184K, reserved 1101824K
  class space    used 9013K, capacity 9155K, committed 9216K, reserved 1048576K
}

